<?xml version="1.0" encoding="UTF-8"?>
<!-- Generated by org.testng.reporters.JUnitReportReporter -->
<testsuite skipped="0" hostname="ojt6-PC" name="DriverFactory.AppTest" tests="1" failures="0" timestamp="10 Jan 2020 11:17:30 GMT" time="231.614" errors="0">
  <testcase name="startTest" time="231.614" classname="DriverFactory.AppTest"/>
</testsuite> <!-- DriverFactory.AppTest -->
