<?xml version="1.0" encoding="UTF-8"?>
<!-- Generated by org.testng.reporters.JUnitReportReporter -->
<testsuite skipped="0" hostname="ojt6-PC" name="DriveFactory.AppTest" tests="1" failures="0" timestamp="3 Jan 2020 13:35:55 GMT" time="1.017" errors="0">
  <testcase name="startTest" time="1.017" classname="DriveFactory.AppTest"/>
</testsuite> <!-- DriveFactory.AppTest -->
