<?xml version="1.0" encoding="UTF-8"?>
<!-- Generated by org.testng.reporters.JUnitReportReporter -->
<testsuite skipped="0" hostname="ojt6-PC" name="DriverFactory.DriverScript" tests="1" failures="0" timestamp="9 Jan 2020 13:02:35 GMT" time="206.350" errors="0">
  <testcase name="ERP_Account" time="206.350" classname="DriverFactory.DriverScript"/>
</testsuite> <!-- DriverFactory.DriverScript -->
